<?xml version="1.0" encoding="UTF-8"?>
<!-- Generated by org.testng.reporters.JUnitReportReporter -->
<testsuite hostname="DESKTOP-S63650B" failures="0" tests="1" name="testCases77BugsStore.ValidateSportMenuItem" time="1.652" errors="0" timestamp="2021-04-26T15:12:40 CEST" skipped="0">
  <testcase classname="testCases77BugsStore.ValidateSportMenuItem" name="ValidateSportMMenuItem" time="1.652"/>
  <system-out/>
</testsuite> <!-- testCases77BugsStore.ValidateSportMenuItem -->
