<?xml version="1.0" encoding="UTF-8"?>
<!-- Generated by org.testng.reporters.JUnitReportReporter -->
<testsuite hostname="DESKTOP-S63650B" failures="0" tests="1" name="bugs.E2Epro.AfterPlaceOrderPriceVerification" time="14.047" errors="0" timestamp="2021-04-17T09:20:06 CEST" skipped="0">
  <testcase classname="bugs.E2Epro.AfterPlaceOrderPriceVerification" name="checkIsProductPriceCorrectWhenFillAddressForm" time="14.047"/>
  <system-out/>
</testsuite> <!-- bugs.E2Epro.AfterPlaceOrderPriceVerification -->
