<?xml version="1.0" encoding="UTF-8"?>
<!-- Generated by org.testng.reporters.JUnitReportReporter -->
<testsuite hostname="DESKTOP-S63650B" failures="0" tests="1" name="bugs.E2Epro.checkIsProductPriceCorrectAfterPlaceOrder" time="8.839" errors="0" timestamp="2021-04-16T13:35:30 CEST" skipped="0">
  <testcase classname="bugs.E2Epro.checkIsProductPriceCorrectAfterPlaceOrder" name="checkIsProductPriceCorrectWhenFillAddressForm" time="8.839"/>
  <system-out/>
</testsuite> <!-- bugs.E2Epro.checkIsProductPriceCorrectAfterPlaceOrder -->
