<?xml version="1.0" encoding="UTF-8"?>
<!-- Generated by org.testng.reporters.JUnitReportReporter -->
<testsuite hostname="DESKTOP-S63650B" failures="0" tests="1" name="bugs.E2Epro.ValidateMenMenuItem" time="4.429" errors="0" timestamp="2021-04-17T11:50:42 CEST" skipped="0">
  <testcase classname="bugs.E2Epro.ValidateMenMenuItem" name="ValidateMenMMenuItem" time="4.429"/>
  <system-out/>
</testsuite> <!-- bugs.E2Epro.ValidateMenMenuItem -->
