<?xml version="1.0" encoding="UTF-8"?>
<!-- Generated by org.testng.reporters.JUnitReportReporter -->
<testsuite hostname="DESKTOP-S63650B" failures="0" tests="1" name="testCases77BugsStore.ValidateOtherMenuItem" time="2.366" errors="0" timestamp="2021-04-26T15:12:40 CEST" skipped="0">
  <testcase classname="testCases77BugsStore.ValidateOtherMenuItem" name="ValidateOtherMMenuItem" time="2.366"/>
  <system-out/>
</testsuite> <!-- testCases77BugsStore.ValidateOtherMenuItem -->
