<?xml version="1.0" encoding="UTF-8"?>
<!-- Generated by org.testng.reporters.JUnitReportReporter -->
<testsuite hostname="DESKTOP-S63650B" failures="0" tests="1" name="bugs.E2Epro.ValidateShoesMenuItem" time="4.050" errors="0" timestamp="2021-04-17T11:46:03 CEST" skipped="0">
  <testcase classname="bugs.E2Epro.ValidateShoesMenuItem" name="ValidateShoesMMenuItem" time="4.050"/>
  <system-out/>
</testsuite> <!-- bugs.E2Epro.ValidateShoesMenuItem -->
